<?xml version="1.0" encoding="UTF-8"?>
<!-- Generated by org.testng.reporters.JUnitXMLReporter -->
<testsuite hostname="Sys-PC" name="on Firefox" tests="1" failures="1" timestamp="3 Jul 2018 15:48:34 GMT" time="59.409" errors="0">
  <testcase name="LogIn" time="59.289" classname="com.GRID.NewTours_LogInTest">
    <failure type="org.openqa.selenium.WebDriverException" message="Unable to connect to host 127.0.0.1 on port 7055 after 45000 ms. Firefox console output:
530632859440,&amp;quot;applyBackgroundUpdates&amp;quot;:1,&amp;quot;bootstrap&amp;quot;:false,&amp;quot;size&amp;quot;:3249525,&amp;quot;sourceURI&amp;quot;:null,&amp;quot;releaseNotesURI&amp;quot;:null,&amp;quot;softDisabled&amp;quot;:false,&amp;quot;foreignInstall&amp;quot;:true,&amp;quot;hasBinaryComponents&amp;quot;:true,&amp;quot;strictCompatibility&amp;quot;:false,&amp;quot;locales&amp;quot;:[],&amp;quot;targetApplications&amp;quot;:[{&amp;quot;id&amp;quot;:&amp;quot;{ec8030f7-c20a-464f-9b0e-13a3a9e97384}&amp;quot;,&amp;quot;minVersion&amp;quot;:&amp;quot;3.0&amp;quot;,&amp;quot;maxVersion&amp;quot;:&amp;quot;48.0&amp;quot;}],&amp;quot;targetPlatforms&amp;quot;:[{&amp;quot;os&amp;quot;:&amp;quot;Darwin&amp;quot;,&amp;quot;abi&amp;quot;:null},{&amp;quot;os&amp;quot;:&amp;quot;SunOS&amp;quot;,&amp;quot;abi&amp;quot;:null},{&amp;quot;os&amp;quot;:&amp;quot;FreeBSD&amp;quot;,&amp;quot;abi&amp;quot;:null},{&amp;quot;os&amp;quot;:&amp;quot;OpenBSD&amp;quot;,&amp;quot;abi&amp;quot;:null},{&amp;quot;os&amp;quot;:&amp;quot;WINNT&amp;quot;,&amp;quot;abi&amp;quot;:null},{&amp;quot;os&amp;quot;:&amp;quot;Linux&amp;quot;,&amp;quot;abi&amp;quot;:null}],&amp;quot;multiprocessCompatible&amp;quot;:false,&amp;quot;signedState&amp;quot;:0}
1530632872673	addons.xpi	DEBUG	getModTime: Recursive scan of fxdriver@googlecode.com
1530632872679	addons.xpi	DEBUG	Updating XPIState for {&amp;quot;id&amp;quot;:&amp;quot;{972ce4c6-7e08-4474-a285-3208198ce6fd}&amp;quot;,&amp;quot;syncGUID&amp;quot;:&amp;quot;c2Vj26Ju1DMP&amp;quot;,&amp;quot;location&amp;quot;:&amp;quot;app-global&amp;quot;,&amp;quot;version&amp;quot;:&amp;quot;44.0&amp;quot;,&amp;quot;type&amp;quot;:&amp;quot;theme&amp;quot;,&amp;quot;internalName&amp;quot;:&amp;quot;classic/1.0&amp;quot;,&amp;quot;updateURL&amp;quot;:null,&amp;quot;updateKey&amp;quot;:null,&amp;quot;optionsURL&amp;quot;:null,&amp;quot;optionsType&amp;quot;:null,&amp;quot;aboutURL&amp;quot;:null,&amp;quot;icons&amp;quot;:{&amp;quot;32&amp;quot;:&amp;quot;icon.png&amp;quot;,&amp;quot;48&amp;quot;:&amp;quot;icon.png&amp;quot;},&amp;quot;iconURL&amp;quot;:null,&amp;quot;icon64URL&amp;quot;:null,&amp;quot;defaultLocale&amp;quot;:{&amp;quot;name&amp;quot;:&amp;quot;Default&amp;quot;,&amp;quot;description&amp;quot;:&amp;quot;The default theme.&amp;quot;,&amp;quot;creator&amp;quot;:&amp;quot;Mozilla&amp;quot;,&amp;quot;homepageURL&amp;quot;:null,&amp;quot;contributors&amp;quot;:[&amp;quot;Mozilla Contributors&amp;quot;]},&amp;quot;visible&amp;quot;:true,&amp;quot;active&amp;quot;:true,&amp;quot;userDisabled&amp;quot;:false,&amp;quot;appDisabled&amp;quot;:false,&amp;quot;descriptor&amp;quot;:&amp;quot;C:\\Program Files\\Mozilla Firefox\\browser\\extensions\\{972ce4c6-7e08-4474-a285-3208198ce6fd}&amp;quot;,&amp;quot;installDate&amp;quot;:1524031964018,&amp;quot;updateDate&amp;quot;:1524031964018,&amp;quot;applyBackgroundUpdates&amp;quot;:1,&amp;quot;skinnable&amp;quot;:true,&amp;quot;size&amp;quot;:24166,&amp;quot;sourceURI&amp;quot;:null,&amp;quot;releaseNotesURI&amp;quot;:null,&amp;quot;softDisabled&amp;quot;:false,&amp;quot;foreignInstall&amp;quot;:false,&amp;quot;hasBinaryComponents&amp;quot;:false,&amp;quot;strictCompatibility&amp;quot;:true,&amp;quot;locales&amp;quot;:[],&amp;quot;targetApplications&amp;quot;:[{&amp;quot;id&amp;quot;:&amp;quot;{ec8030f7-c20a-464f-9b0e-13a3a9e97384}&amp;quot;,&amp;quot;minVersion&amp;quot;:&amp;quot;44.0&amp;quot;,&amp;quot;maxVersion&amp;quot;:&amp;quot;44.0&amp;quot;}],&amp;quot;targetPlatforms&amp;quot;:[]}
1530632872679	addons.xpi	DEBUG	getModTime: Recursive scan of {972ce4c6-7e08-4474-a285-3208198ce6fd}
1530632872680	DeferredSave.extensions.json	DEBUG	Save changes
1530632872680	addons.xpi	DEBUG	Updating database with changes to installed add-ons
1530632872680	addons.xpi-utils	DEBUG	Updating add-on states
1530632872681	addons.xpi-utils	DEBUG	Writing add-ons list
1530632872691	addons.manager	DEBUG	Registering shutdown blocker for XPIProvider
1530632872691	addons.manager	DEBUG	Provider finished startup: XPIProvider
1530632872692	addons.manager	DEBUG	Starting provider: LightweightThemeManager
1530632872692	addons.manager	DEBUG	Registering shutdown blocker for LightweightThemeManager
1530632872692	addons.manager	DEBUG	Provider finished startup: LightweightThemeManager
1530632872697	addons.manager	DEBUG	Starting provider: GMPProvider
1530632872780	addons.manager	DEBUG	Registering shutdown blocker for GMPProvider
1530632872780	addons.manager	DEBUG	Provider finished startup: GMPProvider
1530632872780	addons.manager	DEBUG	Starting provider: PluginProvider
1530632872780	addons.manager	DEBUG	Registering shutdown blocker for PluginProvider
1530632872780	addons.manager	DEBUG	Provider finished startup: PluginProvider
1530632872781	addons.manager	DEBUG	Completed startup sequence
1530632882332	addons.manager	DEBUG	Starting provider: &amp;lt;unnamed-provider&amp;gt;
1530632882332	addons.manager	DEBUG	Registering shutdown blocker for &amp;lt;unnamed-provider&amp;gt;
1530632882366	addons.manager	DEBUG	Provider finished startup: &amp;lt;unnamed-provider&amp;gt;
1530632889901	DeferredSave.extensions.json	DEBUG	Starting write
1530632896834	addons.repository	DEBUG	No addons.json found.
1530632896835	DeferredSave.addons.json	DEBUG	Save changes
1530632896838	DeferredSave.addons.json	DEBUG	Starting timer
1530632896892	addons.manager	DEBUG	Starting provider: PreviousExperimentProvider
1530632896892	addons.manager	DEBUG	Registering shutdown blocker for PreviousExperimentProvider
1530632896893	addons.manager	DEBUG	Provider finished startup: PreviousExperimentProvider
1530632897007	DeferredSave.extensions.json	DEBUG	Write succeeded
1530632897008	addons.xpi-utils	DEBUG	XPI Database saved, setting schema version preference to 17
1530632897012	DeferredSave.addons.json	DEBUG	Starting write
1530632897602	DeferredSave.addons.json	DEBUG	Write succeeded

Command duration or timeout: 57.13 seconds
Build info: version: &amp;apos;2.53.1&amp;apos;, revision: &amp;apos;a36b8b1&amp;apos;, time: &amp;apos;2016-06-30 17:37:03&amp;apos;
System info: host: &amp;apos;Sys-PC&amp;apos;, ip: &amp;apos;192.168.126.141&amp;apos;, os.name: &amp;apos;Windows 7&amp;apos;, os.arch: &amp;apos;x86&amp;apos;, os.version: &amp;apos;6.1&amp;apos;, java.version: &amp;apos;1.8.0_161&amp;apos;
Driver info: org.openqa.selenium.remote.RemoteWebDriver">
      <![CDATA[org.openqa.selenium.WebDriverException: Unable to connect to host 127.0.0.1 on port 7055 after 45000 ms. Firefox console output:
530632859440,"applyBackgroundUpdates":1,"bootstrap":false,"size":3249525,"sourceURI":null,"releaseNotesURI":null,"softDisabled":false,"foreignInstall":true,"hasBinaryComponents":true,"strictCompatibility":false,"locales":[],"targetApplications":[{"id":"{ec8030f7-c20a-464f-9b0e-13a3a9e97384}","minVersion":"3.0","maxVersion":"48.0"}],"targetPlatforms":[{"os":"Darwin","abi":null},{"os":"SunOS","abi":null},{"os":"FreeBSD","abi":null},{"os":"OpenBSD","abi":null},{"os":"WINNT","abi":null},{"os":"Linux","abi":null}],"multiprocessCompatible":false,"signedState":0}
1530632872673	addons.xpi	DEBUG	getModTime: Recursive scan of fxdriver@googlecode.com
1530632872679	addons.xpi	DEBUG	Updating XPIState for {"id":"{972ce4c6-7e08-4474-a285-3208198ce6fd}","syncGUID":"c2Vj26Ju1DMP","location":"app-global","version":"44.0","type":"theme","internalName":"classic/1.0","updateURL":null,"updateKey":null,"optionsURL":null,"optionsType":null,"aboutURL":null,"icons":{"32":"icon.png","48":"icon.png"},"iconURL":null,"icon64URL":null,"defaultLocale":{"name":"Default","description":"The default theme.","creator":"Mozilla","homepageURL":null,"contributors":["Mozilla Contributors"]},"visible":true,"active":true,"userDisabled":false,"appDisabled":false,"descriptor":"C:\\Program Files\\Mozilla Firefox\\browser\\extensions\\{972ce4c6-7e08-4474-a285-3208198ce6fd}","installDate":1524031964018,"updateDate":1524031964018,"applyBackgroundUpdates":1,"skinnable":true,"size":24166,"sourceURI":null,"releaseNotesURI":null,"softDisabled":false,"foreignInstall":false,"hasBinaryComponents":false,"strictCompatibility":true,"locales":[],"targetApplications":[{"id":"{ec8030f7-c20a-464f-9b0e-13a3a9e97384}","minVersion":"44.0","maxVersion":"44.0"}],"targetPlatforms":[]}
1530632872679	addons.xpi	DEBUG	getModTime: Recursive scan of {972ce4c6-7e08-4474-a285-3208198ce6fd}
1530632872680	DeferredSave.extensions.json	DEBUG	Save changes
1530632872680	addons.xpi	DEBUG	Updating database with changes to installed add-ons
1530632872680	addons.xpi-utils	DEBUG	Updating add-on states
1530632872681	addons.xpi-utils	DEBUG	Writing add-ons list
1530632872691	addons.manager	DEBUG	Registering shutdown blocker for XPIProvider
1530632872691	addons.manager	DEBUG	Provider finished startup: XPIProvider
1530632872692	addons.manager	DEBUG	Starting provider: LightweightThemeManager
1530632872692	addons.manager	DEBUG	Registering shutdown blocker for LightweightThemeManager
1530632872692	addons.manager	DEBUG	Provider finished startup: LightweightThemeManager
1530632872697	addons.manager	DEBUG	Starting provider: GMPProvider
1530632872780	addons.manager	DEBUG	Registering shutdown blocker for GMPProvider
1530632872780	addons.manager	DEBUG	Provider finished startup: GMPProvider
1530632872780	addons.manager	DEBUG	Starting provider: PluginProvider
1530632872780	addons.manager	DEBUG	Registering shutdown blocker for PluginProvider
1530632872780	addons.manager	DEBUG	Provider finished startup: PluginProvider
1530632872781	addons.manager	DEBUG	Completed startup sequence
1530632882332	addons.manager	DEBUG	Starting provider: <unnamed-provider>
1530632882332	addons.manager	DEBUG	Registering shutdown blocker for <unnamed-provider>
1530632882366	addons.manager	DEBUG	Provider finished startup: <unnamed-provider>
1530632889901	DeferredSave.extensions.json	DEBUG	Starting write
1530632896834	addons.repository	DEBUG	No addons.json found.
1530632896835	DeferredSave.addons.json	DEBUG	Save changes
1530632896838	DeferredSave.addons.json	DEBUG	Starting timer
1530632896892	addons.manager	DEBUG	Starting provider: PreviousExperimentProvider
1530632896892	addons.manager	DEBUG	Registering shutdown blocker for PreviousExperimentProvider
1530632896893	addons.manager	DEBUG	Provider finished startup: PreviousExperimentProvider
1530632897007	DeferredSave.extensions.json	DEBUG	Write succeeded
1530632897008	addons.xpi-utils	DEBUG	XPI Database saved, setting schema version preference to 17
1530632897012	DeferredSave.addons.json	DEBUG	Starting write
1530632897602	DeferredSave.addons.json	DEBUG	Write succeeded

Command duration or timeout: 57.13 seconds
Build info: version: '2.53.1', revision: 'a36b8b1', time: '2016-06-30 17:37:03'
System info: host: 'Sys-PC', ip: '192.168.126.141', os.name: 'Windows 7', os.arch: 'x86', os.version: '6.1', java.version: '1.8.0_161'
Driver info: org.openqa.selenium.remote.RemoteWebDriver
	at org.openqa.selenium.remote.ErrorHandler.createThrowable(ErrorHandler.java:206)
	at org.openqa.selenium.remote.ErrorHandler.throwIfResponseFailed(ErrorHandler.java:158)
	at org.openqa.selenium.remote.RemoteWebDriver.execute(RemoteWebDriver.java:678)
	at org.openqa.selenium.remote.RemoteWebDriver.startSession(RemoteWebDriver.java:249)
	at org.openqa.selenium.remote.RemoteWebDriver.<init>(RemoteWebDriver.java:131)
	at org.openqa.selenium.remote.RemoteWebDriver.<init>(RemoteWebDriver.java:158)
	at com.GRID.NewTours_LogInTest.LogIn(NewTours_LogInTest.java:40)
	at java.util.concurrent.FutureTask.run(Unknown Source)
	at java.util.concurrent.ThreadPoolExecutor.runWorker(Unknown Source)
	at java.util.concurrent.ThreadPoolExecutor$Worker.run(Unknown Source)
	at java.lang.Thread.run(Unknown Source)
Caused by: org.openqa.selenium.remote.ErrorHandler$UnknownServerException: Unable to connect to host 127.0.0.1 on port 7055 after 45000 ms. Firefox console output:
530632859440,"applyBackgroundUpdates":1,"bootstrap":false,"size":3249525,"sourceURI":null,"releaseNotesURI":null,"softDisabled":false,"foreignInstall":true,"hasBinaryComponents":true,"strictCompatibility":false,"locales":[],"targetApplications":[{"id":"{ec8030f7-c20a-464f-9b0e-13a3a9e97384}","minVersion":"3.0","maxVersion":"48.0"}],"targetPlatforms":[{"os":"Darwin","abi":null},{"os":"SunOS","abi":null},{"os":"FreeBSD","abi":null},{"os":"OpenBSD","abi":null},{"os":"WINNT","abi":null},{"os":"Linux","abi":null}],"multiprocessCompatible":false,"signedState":0}
1530632872673	addons.xpi	DEBUG	getModTime: Recursive scan of fxdriver@googlecode.com
1530632872679	addons.xpi	DEBUG	Updating XPIState for {"id":"{972ce4c6-7e08-4474-a285-3208198ce6fd}","syncGUID":"c2Vj26Ju1DMP","location":"app-global","version":"44.0","type":"theme","internalName":"classic/1.0","updateURL":null,"updateKey":null,"optionsURL":null,"optionsType":null,"aboutURL":null,"icons":{"32":"icon.png","48":"icon.png"},"iconURL":null,"icon64URL":null,"defaultLocale":{"name":"Default","description":"The default theme.","creator":"Mozilla","homepageURL":null,"contributors":["Mozilla Contributors"]},"visible":true,"active":true,"userDisabled":false,"appDisabled":false,"descriptor":"C:\\Program Files\\Mozilla Firefox\\browser\\extensions\\{972ce4c6-7e08-4474-a285-3208198ce6fd}","installDate":1524031964018,"updateDate":1524031964018,"applyBackgroundUpdates":1,"skinnable":true,"size":24166,"sourceURI":null,"releaseNotesURI":null,"softDisabled":false,"foreignInstall":false,"hasBinaryComponents":false,"strictCompatibility":true,"locales":[],"targetApplications":[{"id":"{ec8030f7-c20a-464f-9b0e-13a3a9e97384}","minVersion":"44.0","maxVersion":"44.0"}],"targetPlatforms":[]}
1530632872679	addons.xpi	DEBUG	getModTime: Recursive scan of {972ce4c6-7e08-4474-a285-3208198ce6fd}
1530632872680	DeferredSave.extensions.json	DEBUG	Save changes
1530632872680	addons.xpi	DEBUG	Updating database with changes to installed add-ons
1530632872680	addons.xpi-utils	DEBUG	Updating add-on states
1530632872681	addons.xpi-utils	DEBUG	Writing add-ons list
1530632872691	addons.manager	DEBUG	Registering shutdown blocker for XPIProvider
1530632872691	addons.manager	DEBUG	Provider finished startup: XPIProvider
1530632872692	addons.manager	DEBUG	Starting provider: LightweightThemeManager
1530632872692	addons.manager	DEBUG	Registering shutdown blocker for LightweightThemeManager
1530632872692	addons.manager	DEBUG	Provider finished startup: LightweightThemeManager
1530632872697	addons.manager	DEBUG	Starting provider: GMPProvider
1530632872780	addons.manager	DEBUG	Registering shutdown blocker for GMPProvider
1530632872780	addons.manager	DEBUG	Provider finished startup: GMPProvider
1530632872780	addons.manager	DEBUG	Starting provider: PluginProvider
1530632872780	addons.manager	DEBUG	Registering shutdown blocker for PluginProvider
1530632872780	addons.manager	DEBUG	Provider finished startup: PluginProvider
1530632872781	addons.manager	DEBUG	Completed startup sequence
1530632882332	addons.manager	DEBUG	Starting provider: <unnamed-provider>
1530632882332	addons.manager	DEBUG	Registering shutdown blocker for <unnamed-provider>
1530632882366	addons.manager	DEBUG	Provider finished startup: <unnamed-provider>
1530632889901	DeferredSave.extensions.json	DEBUG	Starting write
1530632896834	addons.repository	DEBUG	No addons.json found.
1530632896835	DeferredSave.addons.json	DEBUG	Save changes
1530632896838	DeferredSave.addons.json	DEBUG	Starting timer
1530632896892	addons.manager	DEBUG	Starting provider: PreviousExperimentProvider
1530632896892	addons.manager	DEBUG	Registering shutdown blocker for PreviousExperimentProvider
1530632896893	addons.manager	DEBUG	Provider finished startup: PreviousExperimentProvider
1530632897007	DeferredSave.extensions.json	DEBUG	Write succeeded
1530632897008	addons.xpi-utils	DEBUG	XPI Database saved, setting schema version preference to 17
1530632897012	DeferredSave.addons.json	DEBUG	Starting write
1530632897602	DeferredSave.addons.json	DEBUG	Write succeeded

Build info: version: '2.53.1', revision: 'a36b8b1', time: '2016-06-30 17:37:03'
System info: host: 'Sys-PC', ip: '192.168.126.141', os.name: 'Windows 7', os.arch: 'x86', os.version: '6.1', java.version: '1.8.0_161'
Driver info: driver.version: FirefoxDriver
	at org.openqa.selenium.firefox.internal.NewProfileExtensionConnection.start(NewProfileExtensionConnection.java:112)
	at org.openqa.selenium.firefox.FirefoxDriver.startClient(FirefoxDriver.java:271)
	at org.openqa.selenium.remote.RemoteWebDriver.<init>(RemoteWebDriver.java:119)
	at org.openqa.selenium.firefox.FirefoxDriver.<init>(FirefoxDriver.java:218)
	at org.openqa.selenium.firefox.FirefoxDriver.<init>(FirefoxDriver.java:211)
	at org.openqa.selenium.firefox.FirefoxDriver.<init>(FirefoxDriver.java:129)
	at org.openqa.selenium.remote.server.FirefoxDriverProvider.callConstructor(FirefoxDriverProvider.java:91)
	at org.openqa.selenium.remote.server.FirefoxDriverProvider.newInstance(FirefoxDriverProvider.java:68)
	at org.openqa.selenium.remote.server.DefaultDriverFactory.newInstance(DefaultDriverFactory.java:60)
	at org.openqa.selenium.remote.server.DefaultSession$BrowserCreator.call(DefaultSession.java:222)
	at org.openqa.selenium.remote.server.DefaultSession$BrowserCreator.call(DefaultSession.java:1)
	at java.util.concurrent.FutureTask.run(Unknown Source)
	at org.openqa.selenium.remote.server.DefaultSession$1.run(DefaultSession.java:176)
	... 3 more
... Removed 24 stack frames]]>
    </failure>
  </testcase> <!-- LogIn -->
</testsuite> <!-- on Firefox -->
